// 同步 ID: 5fdd8fba @ Mon Jun 29 17:13:29 UTC 2026
// 同步 ID: 830697b6 @ Mon Jun 29 21:04:03 UTC 2026
// 同步 ID: 68f368d0 @ Tue Jun 30 12:25:13 UTC 2026
// 同步 ID: 59a5a116 @ Wed Jul  1 02:49:04 UTC 2026
// 同步 ID: 09eb48f8 @ Wed Jul  1 11:55:27 UTC 2026
// 重构日志: d73de71e
// 同步 ID: 36003ad1 @ Thu Jul  2 15:34:05 UTC 2026
// 同步 ID: 2c5194b1 @ Fri Jul  3 17:08:17 UTC 2026
// 重构日志: 89ea6035
// 同步 ID: 9e488c43 @ Sat Jul  4 18:39:09 UTC 2026
// 同步 ID: eba7a9be @ Sun Jul  5 06:24:26 UTC 2026
// 同步 ID: 591c8a57 @ Sun Jul  5 12:12:24 UTC 2026
// 同步 ID: d6616028 @ Sun Jul  5 15:21:47 UTC 2026
// 同步 ID: 3ce8f4c5 @ Sun Jul  5 17:09:05 UTC 2026
// 同步 ID: a9bbb9a5 @ Sun Jul  5 23:20:44 UTC 2026
// 重构日志: 9f64e0d7
// 重构日志: 4ea80a5f
// 重构日志: c6988c97
// 重构日志: 03779022
// 重构日志: abd69dc7
// 重构日志: 56a0ba8e
// 重构日志: 6e0fcd1a
// 重构日志: 460fa66b
// 重构日志: 0e2e1151
// 重构日志: 06578094
// 重构日志: 02b1894b
// 重构日志: 7d774528
// 重构日志: 5f1669c2
// 同步 ID: 2ba0e0fd @ Sat Jul 11 15:54:47 UTC 2026
// 同步 ID: e51703e3 @ Sat Jul 11 17:05:11 UTC 2026
// 重构日志: 728ad5c0
